2014-06-12 10:02:41.586 HelloCordova[35034:70b] Multi-tasking -> Device: YES, App: YES
2014-06-12 10:02:41.610 HelloCordova[35034:70b] Unlimited access to network resources
2014-06-12 10:02:41.742 HelloCordova[35034:70b] [CDVTimer][keyboard] 0.055969ms
2014-06-12 10:02:41.742 HelloCordova[35034:70b] CDVPlugin class CDVStatusBar (pluginName: statusbar) does not exist.
2014-06-12 10:02:41.742 HelloCordova[35034:70b] [CDVTimer][statusbar] 0.424027ms
2014-06-12 10:02:41.743 HelloCordova[35034:70b] [CDVTimer][TotalPluginStartup] 1.313984ms
2014-06-12 10:02:41.893 HelloCordova[35034:70b] Resetting plugins due to page load.
2014-06-12 10:02:42.199 HelloCordova[35034:70b] Finished load of: file:///Users/mackbrowne/Library/Application%20Support/iPhone%20Simulator/7.1/Applications/E0CB66B9-21EA-452D-BB0D-136C0053084D/HelloCordova.app/www/index.html
2014-06-12 10:08:43.508 HelloCordova[35672:70b] Multi-tasking -> Device: YES, App: YES
2014-06-12 10:08:43.530 HelloCordova[35672:70b] Unlimited access to network resources
2014-06-12 10:08:43.564 HelloCordova[35672:70b] [CDVTimer][keyboard] 0.086010ms
2014-06-12 10:08:43.564 HelloCordova[35672:70b] CDVPlugin class CDVStatusBar (pluginName: statusbar) does not exist.
2014-06-12 10:08:43.565 HelloCordova[35672:70b] [CDVTimer][statusbar] 0.653028ms
2014-06-12 10:08:43.565 HelloCordova[35672:70b] [CDVTimer][TotalPluginStartup] 1.901984ms
2014-06-12 10:08:43.728 HelloCordova[35672:70b] Resetting plugins due to page load.
2014-06-12 10:08:43.932 HelloCordova[35672:70b] Finished load of: file:///Users/mackbrowne/Library/Application%20Support/iPhone%20Simulator/7.1/Applications/E0CB66B9-21EA-452D-BB0D-136C0053084D/HelloCordova.app/www/index.html
2014-06-12 11:12:27.447 HelloCordova[38186:70b] Multi-tasking -> Device: YES, App: YES
2014-06-12 11:12:27.457 HelloCordova[38186:70b] Unlimited access to network resources
2014-06-12 11:12:27.508 HelloCordova[38186:70b] [CDVTimer][keyboard] 0.082970ms
2014-06-12 11:12:27.509 HelloCordova[38186:70b] CDVPlugin class CDVStatusBar (pluginName: statusbar) does not exist.
2014-06-12 11:12:27.509 HelloCordova[38186:70b] [CDVTimer][statusbar] 0.544965ms
2014-06-12 11:12:27.510 HelloCordova[38186:70b] [CDVTimer][TotalPluginStartup] 1.792014ms
2014-06-12 11:12:27.607 HelloCordova[38186:70b] Resetting plugins due to page load.
2014-06-12 11:12:27.707 HelloCordova[38186:70b] Finished load of: file:///Users/mackbrowne/Library/Application%20Support/iPhone%20Simulator/7.1/Applications/E0CB66B9-21EA-452D-BB0D-136C0053084D/HelloCordova.app/www/index.html
2014-06-12 11:15:36.667 HelloCordova[38586:70b] Multi-tasking -> Device: YES, App: YES
2014-06-12 11:15:36.676 HelloCordova[38586:70b] Unlimited access to network resources
2014-06-12 11:15:36.698 HelloCordova[38586:70b] [CDVTimer][keyboard] 0.095010ms
2014-06-12 11:15:36.698 HelloCordova[38586:70b] CDVPlugin class CDVStatusBar (pluginName: statusbar) does not exist.
2014-06-12 11:15:36.699 HelloCordova[38586:70b] [CDVTimer][statusbar] 0.490963ms
2014-06-12 11:15:36.699 HelloCordova[38586:70b] [CDVTimer][TotalPluginStartup] 1.505017ms
2014-06-12 11:15:36.790 HelloCordova[38586:70b] Resetting plugins due to page load.
2014-06-12 11:15:36.978 HelloCordova[38586:70b] Finished load of: file:///Users/mackbrowne/Library/Application%20Support/iPhone%20Simulator/7.1/Applications/E0CB66B9-21EA-452D-BB0D-136C0053084D/HelloCordova.app/www/index.html
